<?xml version="1.0" encoding="UTF-8"?>
<!-- Generated by org.testng.reporters.JUnitReportReporter -->
<testsuite hostname="DESKTOP-7S4N7UG" failures="0" tests="5" name="TestNG_Practice.TestNGDemo_P6" time="0.022" errors="0" timestamp="2020-06-05T19:32:11 EDT" skipped="0">
  <testcase classname="TestNG_Practice.TestNGDemo_P6" name="OpenURL" time="0.013"/>
  <system-out/>
  <testcase classname="TestNG_Practice.TestNGDemo_P6" name="Login" time="0.002"/>
  <system-out/>
  <testcase classname="TestNG_Practice.TestNGDemo_P6" name="Search" time="0.003"/>
  <system-out/>
  <testcase classname="TestNG_Practice.TestNGDemo_P6" name="AdvSearch" time="0.002"/>
  <system-out/>
  <testcase classname="TestNG_Practice.TestNGDemo_P6" name="Logout" time="0.002"/>
  <system-out/>
</testsuite> <!-- TestNG_Practice.TestNGDemo_P6 -->
