<?xml version="1.0" encoding="UTF-8"?>
<!-- Generated by org.testng.reporters.JUnitReportReporter -->
<testsuite hostname="DESKTOP-7S4N7UG" failures="0" tests="2" name="TestNG_Practice.TestNGDemo_P5" time="17.221" errors="0" timestamp="2020-06-11T22:30:35 EDT" skipped="0">
  <testcase classname="TestNG_Practice.TestNGDemo_P5" name="display" time="10.497"/>
  <system-out/>
  <testcase classname="TestNG_Practice.TestNGDemo_P5" name="print" time="6.724"/>
  <system-out/>
</testsuite> <!-- TestNG_Practice.TestNGDemo_P5 -->
