<?xml version="1.0" encoding="UTF-8"?>
<!-- Generated by org.testng.reporters.JUnitReportReporter -->
<testsuite hostname="DESKTOP-7S4N7UG" failures="0" tests="1" name="FacebookRegistrationTest.CodeFromMohamad" time="0.233" errors="0" timestamp="2020-06-11T22:32:41 EDT" skipped="0">
  <testcase classname="FacebookRegistrationTest.CodeFromMohamad" name="display" time="0.233"/>
  <system-out/>
</testsuite> <!-- FacebookRegistrationTest.CodeFromMohamad -->
