<?xml version="1.0" encoding="UTF-8"?>
<!-- Generated by org.testng.reporters.JUnitReportReporter -->
<testsuite hostname="DESKTOP-7S4N7UG" failures="0" tests="3" name="TestNG_Practice.TestNGDemo_P2" time="0.012" errors="0" timestamp="2020-06-04T18:45:51 EDT" skipped="0">
  <testcase classname="TestNG_Practice.TestNGDemo_P2" name="Greetings" time="0.009"/>
  <system-out/>
  <testcase classname="TestNG_Practice.TestNGDemo_P2" name="Convo" time="0.001"/>
  <system-out/>
  <testcase classname="TestNG_Practice.TestNGDemo_P2" name="Cont" time="0.002"/>
  <system-out/>
</testsuite> <!-- TestNG_Practice.TestNGDemo_P2 -->
