<?xml version="1.0" encoding="UTF-8"?>
<!-- Generated by org.testng.reporters.JUnitReportReporter -->
<testsuite hostname="DESKTOP-7S4N7UG" failures="0" tests="4" name="TestNG_Practice.TestNGDemo_P8" time="0.016" errors="0" timestamp="2020-06-06T00:22:59 EDT" skipped="0">
  <testcase classname="TestNG_Practice.TestNGDemo_P8" name="openurl" time="0.011"/>
  <system-out/>
  <testcase classname="TestNG_Practice.TestNGDemo_P8" name="login" time="0.002"/>
  <system-out/>
  <testcase classname="TestNG_Practice.TestNGDemo_P8" name="search" time="0.001"/>
  <system-out/>
  <testcase classname="TestNG_Practice.TestNGDemo_P8" name="advsearch" time="0.002"/>
  <system-out/>
</testsuite> <!-- TestNG_Practice.TestNGDemo_P8 -->
