<?xml version="1.0" encoding="UTF-8"?>
<!-- Generated by org.testng.reporters.JUnitReportReporter -->
<testsuite hostname="DESKTOP-7S4N7UG" failures="0" tests="3" name="TestNG_Practice.TestNGDemo_P3" time="0.016" errors="0" timestamp="2020-06-04T23:02:28 EDT" skipped="0">
  <testcase classname="TestNG_Practice.TestNGDemo_P3" name="AdvancedSeacrch" time="0.007"/>
  <system-out/>
  <testcase classname="TestNG_Practice.TestNGDemo_P3" name="SearchToys" time="0.007"/>
  <system-out/>
  <testcase classname="TestNG_Practice.TestNGDemo_P3" name="Search" time="0.002"/>
  <system-out/>
</testsuite> <!-- TestNG_Practice.TestNGDemo_P3 -->
