<?xml version="1.0" encoding="UTF-8"?>
<!-- Generated by org.testng.reporters.JUnitReportReporter -->
<testsuite hostname="DESKTOP-7S4N7UG" failures="0" tests="3" name="TestNG_Practice.TestNGDemo_P1" time="0.011" errors="0" timestamp="2020-06-04T18:34:12 EDT" skipped="0">
  <testcase classname="TestNG_Practice.TestNGDemo_P1" name="logout" time="0.009"/>
  <system-out/>
  <testcase classname="TestNG_Practice.TestNGDemo_P1" name="Login" time="0.001"/>
  <system-out/>
  <testcase classname="TestNG_Practice.TestNGDemo_P1" name="openURL" time="0.001"/>
  <system-out/>
</testsuite> <!-- TestNG_Practice.TestNGDemo_P1 -->
