<?xml version="1.0" encoding="UTF-8"?>
<!-- Generated by org.testng.reporters.JUnitReportReporter -->
<testsuite hostname="DESKTOP-7S4N7UG" failures="0" tests="5" name="TestNG_Practice.TestNGDemo_P11" time="0.013" errors="0" timestamp="2020-06-08T16:52:47 EDT" skipped="2">
  <testcase classname="TestNG_Practice.TestNGDemo_P11" name="openurl" time="0.011"/>
  <system-out/>
  <testcase classname="TestNG_Practice.TestNGDemo_P11" name="login" time="0.001"/>
  <system-out/>
  <testcase classname="TestNG_Practice.TestNGDemo_P11" name="logout" time="0.001"/>
  <system-out/>
  <testcase classname="TestNG_Practice.TestNGDemo_P11" name="PriorSearch">
    <skipped/>
  </testcase> <!-- PriorSearch -->
  <system-out/>
  <testcase classname="TestNG_Practice.TestNGDemo_P11" name="AdvSearch">
    <skipped/>
  </testcase> <!-- AdvSearch -->
  <system-out/>
</testsuite> <!-- TestNG_Practice.TestNGDemo_P11 -->
