<?xml version="1.0" encoding="UTF-8"?>
<!-- Generated by org.testng.reporters.JUnitReportReporter -->
<testsuite hostname="DESKTOP-7S4N7UG" failures="0" tests="3" name="TestNG_Practice.TestNGDemo_P4" time="0.033" errors="0" timestamp="2020-06-04T23:28:40 EDT" skipped="0">
  <testcase classname="TestNG_Practice.TestNGDemo_P4" name="SerachSpecific" time="0.001"/>
  <system-out/>
  <testcase classname="TestNG_Practice.TestNGDemo_P4" name="AdvSearch" time="0.016"/>
  <system-out/>
  <testcase classname="TestNG_Practice.TestNGDemo_P4" name="Search" time="0.016"/>
  <system-out/>
</testsuite> <!-- TestNG_Practice.TestNGDemo_P4 -->
