<?xml version="1.0" encoding="UTF-8"?>
<!-- Generated by org.testng.reporters.JUnitReportReporter -->
<testsuite hostname="DESKTOP-7S4N7UG" failures="0" tests="5" name="TestNG_Practice.TestNGDemo_P10" time="0.013" errors="0" timestamp="2020-06-06T01:31:52 EDT" skipped="2">
  <testcase classname="TestNG_Practice.TestNGDemo_P10" name="openurl" time="0.010"/>
  <system-out/>
  <testcase classname="TestNG_Practice.TestNGDemo_P10" name="login" time="0.002"/>
  <system-out/>
  <testcase classname="TestNG_Practice.TestNGDemo_P10" name="logout" time="0.001"/>
  <system-out/>
  <testcase classname="TestNG_Practice.TestNGDemo_P10" name="priorsearch">
    <skipped/>
  </testcase> <!-- priorsearch -->
  <system-out/>
  <testcase classname="TestNG_Practice.TestNGDemo_P10" name="advSearch">
    <skipped/>
  </testcase> <!-- advSearch -->
  <system-out/>
</testsuite> <!-- TestNG_Practice.TestNGDemo_P10 -->
