<?xml version="1.0" encoding="UTF-8"?>
<!-- Generated by org.testng.reporters.JUnitReportReporter -->
<testsuite hostname="DESKTOP-7S4N7UG" failures="0" tests="4" name="TestNG_Practice.TestNGDemo_P9" time="0.014" errors="0" timestamp="2020-06-06T00:38:36 EDT" skipped="0">
  <testcase classname="TestNG_Practice.TestNGDemo_P9" name="openurl" time="0.011"/>
  <system-out/>
  <testcase classname="TestNG_Practice.TestNGDemo_P9" name="login" time="0.001"/>
  <system-out/>
  <testcase classname="TestNG_Practice.TestNGDemo_P9" name="search" time="0.001"/>
  <system-out/>
  <testcase classname="TestNG_Practice.TestNGDemo_P9" name="advsearch" time="0.001"/>
  <system-out/>
</testsuite> <!-- TestNG_Practice.TestNGDemo_P9 -->
